<?xml version="1.0" encoding="UTF-8"?>
<testsuite xmlns:xsi="http://www.w3.org/2001/XMLSchema-instance" xsi:noNamespaceSchemaLocation="https://maven.apache.org/surefire/maven-surefire-plugin/xsd/surefire-test-report-3.0.xsd" version="3.0" name="com.shacheru.primesservice.PrimesServiceApplicationTests" time="39.435" tests="1" errors="0" skipped="0" failures="0">
  <properties>
[...]
</properties>
  <testcase name="contextLoads" classname="com.shacheru.primesservice.PrimesServiceApplicationTests" time="8.897">
    <system-out><![CDATA[21:25:39.943 [main] INFO org.springframework.test.context.support.AnnotationConfigContextLoaderUtils -- Could not detect default configuration classes for test class [com.shacheru.primesservice.PrimesServiceApplicationTests]: PrimesServiceApplicationTests does not declare any static, non-private, non-final, nested classes annotated with @Configuration.
21:25:41.355 [main] INFO org.springframework.boot.test.context.SpringBootTestContextBootstrapper -- Found @SpringBootConfiguration com.shacheru.primesservice.PrimesServiceApplication for test class com.shacheru.primesservice.PrimesServiceApplicationTests

  .   ____          _            __ _ _
 /\\ / ___'_ __ _ _(_)_ __  __ _ \ \ \ \
( ( )\___ | '_ | '_| | '_ \/ _` | \ \ \ \
 \\/  ___)| |_)| | | | | || (_| |  ) ) ) )
  '  |____| .__|_| |_|_| |_\__, | / / / /
 =========|_|==============|___/=/_/_/_/
 :: Spring Boot ::                (v3.2.2)

2024-03-09T21:25:45.973-05:00  INFO 7288 --- [           main] c.s.p.PrimesServiceApplicationTests      : Starting PrimesServiceApplicationTests using Java 21.0.2 with PID 7288 (started by shalini cherukuri in C:\Users\shalini cherukuri\IdeaProjects\PrimeService)
2024-03-09T21:25:45.998-05:00  INFO 7288 --- [           main] c.s.p.PrimesServiceApplicationTests      : No active profile set, falling back to 1 default profile: "default"
2024-03-09T21:26:05.529-05:00  INFO 7288 --- [           main] o.s.b.a.e.web.EndpointLinksResolver      : Exposing 1 endpoint(s) beneath base path '/actuator'
2024-03-09T21:26:06.147-05:00  INFO 7288 --- [           main] c.s.p.PrimesServiceApplicationTests      : Started PrimesServiceApplicationTests in 23.128 seconds (process running for 36.888)
]]></system-out>
    <system-err><![CDATA[WARNING: A Java agent has been loaded dynamically (C:\Users\shalini cherukuri\.m2\repository\net\bytebuddy\byte-buddy-agent\1.14.11\byte-buddy-agent-1.14.11.jar)
WARNING: If a serviceability tool is in use, please run with -XX:+EnableDynamicAgentLoading to hide this warning
WARNING: If a serviceability tool is not in use, please run with -Djdk.instrument.traceUsage for more information
WARNING: Dynamic loading of agents will be disallowed by default in a future release
]]></system-err>
  </testcase>
</testsuite>